{
  "RSpec": {
    "coverage": {
      "/Users/cristinaocana/Desktop/Projects/bank/spec/bank_account_spec.rb": [
        1,
        null,
        1,
        7,
        null,
        1,
        1,
        1,
        null,
        1,
        1,
        null,
        null,
        null,
        1,
        1,
        1,
        1,
        null,
        null,
        1,
        1,
        1,
        1,
        null,
        null,
        null,
        1,
        1,
        1,
        1,
        1,
        null,
        null,
        1,
        1,
        1,
        1,
        1,
        null,
        null,
        null,
        null
      ],
      "/Users/cristinaocana/Desktop/Projects/bank/lib/bank_account.rb": [
        1,
        1,
        null,
        1,
        1,
        null,
        1,
        6,
        6,
        null,
        null,
        1,
        4,
        4,
        null,
        null,
        1,
        2,
        2,
        null,
        null,
        1,
        null,
        1,
        6,
        null,
        null,
        1,
        6,
        null,
        null
      ],
      "/Users/cristinaocana/Desktop/Projects/bank/lib/statement_printer.rb": [
        1,
        null,
        1,
        null,
        1,
        1,
        1,
        1,
        null,
        null,
        1,
        null,
        1,
        1,
        2,
        1,
        null,
        1,
        null,
        null,
        null,
        null,
        1,
        1,
        null,
        null,
        null
      ],
      "/Users/cristinaocana/Desktop/Projects/bank/spec/statement_printer_spec.rb": [
        1,
        null,
        1,
        2,
        2,
        null,
        null,
        1,
        1,
        2,
        null,
        null,
        null,
        null,
        null
      ]
    },
    "timestamp": 1538521200
  }
}
